<?xml version="1.0" encoding="UTF-8"?>
<testsuite xmlns:xsi="http://www.w3.org/2001/XMLSchema-instance" xsi:noNamespaceSchemaLocation="https://maven.apache.org/surefire/maven-surefire-plugin/xsd/surefire-test-report-3.0.xsd" version="3.0" name="TestSuite" time="52.178" tests="3" errors="0" skipped="0" failures="2">
  <properties>
[...]
</properties>
  <testcase name="TestTitle[OrangeHRM](1)" classname="org.wipro.TestCaseDemo.Test1" time="0.149">
    <system-err><![CDATA[SLF4J: Failed to load class "org.slf4j.impl.StaticLoggerBinder".
SLF4J: Defaulting to no-operation (NOP) logger implementation
SLF4J: See http://www.slf4j.org/codes.html#StaticLoggerBinder for further details.
Mar 11, 2025 9:40:16 AM org.openqa.selenium.devtools.CdpVersionFinder findNearestMatch
WARNING: Unable to find an exact match for CDP version 134, returning the closest version; found: 133; Please update to a Selenium version that supports CDP version 134
]]></system-err>
  </testcase>
  <testcase name="Testloginbutton[Admin, admin123, Dashboard](1)" classname="org.wipro.TestCaseDemo.Test2" time="3.305">
    <failure message="expected [Dashboard] but found [Pizarra de pendientes]" type="java.lang.AssertionError"><![CDATA[java.lang.AssertionError: expected [Dashboard] but found [Pizarra de pendientes]
	at org.wipro.TestCaseDemo.Test2.Testloginbutton(Test2.java:39)
]]></failure>
    <system-out><![CDATA[2025-03-11T04:10:21.790346600Z main ERROR Log4j API could not find a logging provider.
]]></system-out>
    <system-err><![CDATA[Mar 11, 2025 9:40:23 AM org.openqa.selenium.devtools.CdpVersionFinder findNearestMatch
WARNING: Unable to find an exact match for CDP version 134, returning the closest version; found: 133; Please update to a Selenium version that supports CDP version 134
]]></system-err>
  </testcase>
  <testcase name="TestMenu" classname="org.wipro.TestCaseDemo.Test3" time="3.003">
    <failure message="expected [Leave] but found [Pizarra de pendientes]" type="java.lang.AssertionError"><![CDATA[java.lang.AssertionError: expected [Leave] but found [Pizarra de pendientes]
	at org.wipro.TestCaseDemo.Test3.TestMenu(Test3.java:28)
]]></failure>
    <system-err><![CDATA[Mar 11, 2025 9:40:39 AM org.openqa.selenium.devtools.CdpVersionFinder findNearestMatch
WARNING: Unable to find an exact match for CDP version 134, returning the closest version; found: 133; Please update to a Selenium version that supports CDP version 134
]]></system-err>
  </testcase>
</testsuite>