<?xml version="1.0" encoding="UTF-8"?>
<testng-results ignored="0" total="3" passed="3" failed="0" skipped="0">
  <reporter-output>
    <line>
      <![CDATA[Screenshot taken by name title]]>
    </line>
  </reporter-output>
  <suite started-at="2025-03-11T12:07:16 IST" name="Suite" finished-at="2025-03-11T12:08:51 IST" duration-ms="95135">
    <groups>
    </groups>
    <test started-at="2025-03-11T12:07:16 IST" name="Test" finished-at="2025-03-11T12:08:51 IST" duration-ms="95135">
      <class name="org.wipro.TestCaseDemo.Test2">
        <test-method is-config="true" signature="openbrowser()[pri:0, instance:org.wipro.TestCaseDemo.Test2@4af0df05]" started-at="2025-03-11T12:07:44 IST" name="openbrowser" finished-at="2025-03-11T12:08:01 IST" duration-ms="16972" status="PASS">
          <reporter-output>
          </reporter-output>
        </test-method> <!-- openbrowser -->
        <test-method signature="Testloginbutton(java.lang.String,java.lang.String,java.lang.String)[pri:0, instance:org.wipro.TestCaseDemo.Test2@4af0df05]" started-at="2025-03-11T12:08:01 IST" name="Testloginbutton" data-provider="dp1" finished-at="2025-03-11T12:08:10 IST" duration-ms="8875" status="PASS">
          <params>
            <param index="0">
              <value>
                <![CDATA[Admin]]>
              </value>
            </param>
            <param index="1">
              <value>
                <![CDATA[admin123]]>
              </value>
            </param>
            <param index="2">
              <value>
                <![CDATA[Dashboard]]>
              </value>
            </param>
          </params>
          <reporter-output>
          </reporter-output>
        </test-method> <!-- Testloginbutton -->
        <test-method is-config="true" signature="closebrowser()[pri:0, instance:org.wipro.TestCaseDemo.Test2@4af0df05]" started-at="2025-03-11T12:08:10 IST" name="closebrowser" finished-at="2025-03-11T12:08:16 IST" duration-ms="5378" status="PASS">
          <reporter-output>
          </reporter-output>
        </test-method> <!-- closebrowser -->
      </class> <!-- org.wipro.TestCaseDemo.Test2 -->
      <class name="org.wipro.TestCaseDemo.Test3">
        <test-method is-config="true" signature="openbrowser()[pri:0, instance:org.wipro.TestCaseDemo.Test3@57ea113a]" started-at="2025-03-11T12:08:16 IST" name="openbrowser" finished-at="2025-03-11T12:08:39 IST" duration-ms="22943" status="PASS">
          <reporter-output>
          </reporter-output>
        </test-method> <!-- openbrowser -->
        <test-method signature="TestMenu()[pri:0, instance:org.wipro.TestCaseDemo.Test3@57ea113a]" started-at="2025-03-11T12:08:39 IST" name="TestMenu" finished-at="2025-03-11T12:08:51 IST" duration-ms="11932" status="PASS">
          <reporter-output>
          </reporter-output>
        </test-method> <!-- TestMenu -->
        <test-method is-config="true" signature="closebrowser()[pri:0, instance:org.wipro.TestCaseDemo.Test3@57ea113a]" started-at="2025-03-11T12:08:51 IST" name="closebrowser" finished-at="2025-03-11T12:08:51 IST" duration-ms="295" status="PASS">
          <reporter-output>
          </reporter-output>
        </test-method> <!-- closebrowser -->
      </class> <!-- org.wipro.TestCaseDemo.Test3 -->
      <class name="org.wipro.TestCaseDemo.Test1">
        <test-method is-config="true" signature="openbrowser()[pri:0, instance:org.wipro.TestCaseDemo.Test1@4b41e4dd]" started-at="2025-03-11T12:07:16 IST" name="openbrowser" finished-at="2025-03-11T12:07:43 IST" duration-ms="26989" status="PASS">
          <reporter-output>
          </reporter-output>
        </test-method> <!-- openbrowser -->
        <test-method signature="TestTitle(java.lang.String)[pri:1, instance:org.wipro.TestCaseDemo.Test1@4b41e4dd]" started-at="2025-03-11T12:07:43 IST" name="TestTitle" data-provider="title" finished-at="2025-03-11T12:07:43 IST" duration-ms="215" status="PASS">
          <params>
            <param index="0">
              <value>
                <![CDATA[OrangeHRM]]>
              </value>
            </param>
          </params>
          <reporter-output>
            <line>
              <![CDATA[Screenshot taken by name title]]>
            </line>
          </reporter-output>
        </test-method> <!-- TestTitle -->
        <test-method is-config="true" signature="closebrowser()[pri:0, instance:org.wipro.TestCaseDemo.Test1@4b41e4dd]" started-at="2025-03-11T12:07:43 IST" name="closebrowser" finished-at="2025-03-11T12:07:43 IST" duration-ms="239" status="PASS">
          <reporter-output>
          </reporter-output>
        </test-method> <!-- closebrowser -->
      </class> <!-- org.wipro.TestCaseDemo.Test1 -->
    </test> <!-- Test -->
  </suite> <!-- Suite -->
</testng-results>
