<?xml version="1.0" encoding="UTF-8"?>
<!-- Generated by org.testng.reporters.JUnitXMLReporter -->
<testsuite ignored="0" hostname="kprabhakar" failures="0" tests="3" name="Test" time="95.135" errors="0" timestamp="2025-03-11T12:08:51 IST">
  <testcase classname="org.wipro.TestCaseDemo.Test1" name="TestTitle" time="0.215"/>
  <testcase classname="org.wipro.TestCaseDemo.Test2" name="Testloginbutton" time="8.875"/>
  <testcase classname="org.wipro.TestCaseDemo.Test3" name="TestMenu" time="11.932"/>
</testsuite> <!-- Test -->
